**** USING NUMBA ****

PyORBIT v10.0.0beta

Python version in use:
3.9.16 (main, Mar  8 2023, 14:00:05) 
[GCC 11.2.0]
 LaTeX disabled by default
Using orbital model:  circular
Using orbital parametrization:  Eastman2013_Tcent
Time of transit replacing mean longitude as a free parameter:  True

Using orbital model:  keplerian
Using orbital parametrization:  Eastman2013_Tcent
Time of transit replacing mean longitude as a free parameter:  True


emcee version:  3.1.4

 Reference Time Tref: 59200.0

 Dimensions = 28
 Nwalkers = 112

 Steps: 50000


 LN posterior:  -443.306627      -4.536780     4.021072 (15-84 p) 

 Median log_priors     = -92.45064864904742
 Median log_likelihood = -338.3186060209279

 Median BIC  (using likelihood) = 828.2880233035796
 Median AIC  (using likelihood) = 732.6372120418558
 Median AICc (using likelihood) = 740.9229263275702

 Median BIC  (using posterior)  = 1013.1893206016745
 Median AIC  (using posterior)  = 917.5385093399507
 Median AICc (using posterior)  = 925.824223625665

 MAP log_priors     = -92.506149987836
 MAP log_likelihood = -338.17703306800433

 MAP BIC  (using likelihood) = 828.0048773977325
 MAP AIC  (using likelihood) = 732.3540661360087
 MAP AICc (using likelihood) = 740.639780421723

 MAP BIC  (using posterior)  = 1013.0171773734045
 MAP AIC  (using posterior)  = 917.3663661116807
 MAP AICc (using posterior)  = 925.652080397395

 AICc suggested over AIC because NDATA ( 225 ) < 40 * NDIM ( 28 )

****************************************************************************************************


Computing the autocorrelation time of the chains

***** WARNING ******
The integrated autocorrelation time cannot be reliably estimated
likely the chains are too short, and ACF analysis is not fully reliable
emcee.autocorr.integrated_time tolerance lowered to 20
If you still get a warning, you should drop these results entirely
Chains too short to apply convergence criteria
They should be at least 1350*nthin = 135000


====================================================================================================
     Ids, spaces (s), boundaries (b) and priors (p) of the sampler parameters     
====================================================================================================

----- dataset:  RVdata
jitter_0      id:  11  s:Linear      b:[      0.0120,    1088.3783]   p:Uniform   []
offset_0      id:  12  s:Linear      b:[ -13430.6237,    6632.5000]   p:Uniform   []
offset_1      id:  13  s:Linear      b:[ -13430.6237,    6632.5000]   p:Uniform   []
jitter_1      id:  14  s:Linear      b:[      0.0120,    1088.3783]   p:Uniform   []

----- dataset: RVdata                    ----- model: tinygp_multidimensional       
con_amp       id:  15  s:Linear      b:[   -100.0000,     100.0000]   p:Uniform   []
rot_amp       id:  16  s:Linear      b:[      0.0000,     100.0000]   p:Uniform   []

----- dataset:  BISdata
jitter_0      id:  17  s:Linear      b:[      0.0240,    2176.7566]   p:Uniform   []
offset_0      id:  18  s:Linear      b:[  -9995.0909,   10059.6000]   p:Uniform   []
offset_1      id:  19  s:Linear      b:[  -9995.0909,   10059.6000]   p:Uniform   []
jitter_1      id:  20  s:Linear      b:[      0.0240,    2176.7566]   p:Uniform   []

----- dataset: BISdata                   ----- model: tinygp_multidimensional       
con_amp       id:  21  s:Linear      b:[   -100.0000,     100.0000]   p:Uniform   []
rot_amp       id:  22  s:Linear      b:[   -100.0000,     100.0000]   p:Uniform   []

----- dataset:  Sdata
jitter_0      id:  23  s:Linear      b:[      0.0000,       2.7200]   p:Uniform   []
offset_0      id:  24  s:Linear      b:[  -9999.3978,   10001.2170]   p:Uniform   []
offset_1      id:  25  s:Linear      b:[  -9999.3978,   10001.2170]   p:Uniform   []
jitter_1      id:  26  s:Linear      b:[      0.0000,       2.7200]   p:Uniform   []

----- dataset: Sdata                     ----- model: tinygp_multidimensional       
con_amp       id:  27  s:Linear      b:[     -1.0000,       1.0000]   p:Uniform   []
rot_amp       derived (no id, space, bound)                           p:None   []

----- common model:  b
P             id:   0  s:Linear      b:[      0.2750,       0.2850]   p:Gaussian   [2.80324956e-01 6.70000000e-08]
K             id:   1  s:Linear      b:[      0.0010,      20.0000]   p:Uniform   []
Tc            id:   2  s:Linear      b:[  57744.0000,   57744.1000]   p:Gaussian   [5.77440715e+04 1.03000000e-04]
omega         derived (no id, space, bound)                           p:None   []
e             derived (no id, space, bound)                           p:None   []

----- common model:  c
sre_coso      id:   3  s:Linear      b:[     -1.0000,       1.0000]   p:Uniform   []
sre_sino      id:   4  s:Linear      b:[     -1.0000,       1.0000]   p:Uniform   []
P             id:   5  s:Linear      b:[      7.7000,       7.8000]   p:Gaussian   [7.7489943e+00 1.4900000e-05]
K             id:   6  s:Linear      b:[      0.0010,      20.0000]   p:Uniform   []
Tc            id:   7  s:Linear      b:[  58371.0000,   58371.1000]   p:Gaussian   [5.83710742e+04 6.52000000e-04]
e             derived (no id, space, bound)                           p:Gaussian   [0.    0.098]
omega         derived (no id, space, bound)                           p:Uniform   [0.0, 360.0]

----- common model:  activity
Prot          id:   8  s:Linear      b:[     10.0000,      20.0000]   p:Uniform   []
Pdec          id:   9  s:Linear      b:[     20.0000,    1000.0000]   p:Uniform   []
Oamp          id:  10  s:Log_Base2   b:[     -9.9658,       0.0000]   p:Uniform   []

----- common model:  star_parameters
mass          derived (no id, space, bound)                           p:Gaussian   [0.708 0.028]
radius        derived (no id, space, bound)                           p:Gaussian   [0.681 0.018]
density       derived (no id, space, bound)                           p:Gaussian   [2.65 0.08]


****************************************************************************************************
****************************************************************************************************

 Confidence intervals (median value, 34.135th percentile from the median on the left and right side)

====================================================================================================
     Statistics on the posterior of the sampler parameters     
====================================================================================================

----- dataset:  RVdata
jitter_0        11          5.19        -0.97          1.2   (15-84 p)   [    0.0120,  1088.3783]
offset_0        12       -3412.7         -5.3          4.2   (15-84 p)   [-13430.6237,  6632.5000]
offset_1        13       -3380.7         -5.7          4.0   (15-84 p)   [-13430.6237,  6632.5000]
jitter_1        14          1.19        -0.70         0.71   (15-84 p)   [    0.0120,  1088.3783]

----- dataset: RVdata                    ----- model: tinygp_multidimensional       
con_amp         15           7.3         -4.7          7.5   (15-84 p)   [ -100.0000,   100.0000]
rot_amp         16            42          -17           21   (15-84 p)   [    0.0000,   100.0000]

----- dataset:  BISdata
jitter_0        17          1.11        -0.75          1.1   (15-84 p)   [    0.0240,  2176.7566]
offset_0        18          24.3         -2.8          2.4   (15-84 p)   [-9995.0909, 10059.6000]
offset_1        19          50.6         -3.0          2.6   (15-84 p)   [-9995.0909, 10059.6000]
jitter_1        20           2.8         -1.4          1.3   (15-84 p)   [    0.0240,  2176.7566]

----- dataset: BISdata                   ----- model: tinygp_multidimensional       
con_amp         21           0.9         -5.4          5.4   (15-84 p)   [ -100.0000,   100.0000]
rot_amp         22           -48          -23           19   (15-84 p)   [ -100.0000,   100.0000]

----- dataset:  Sdata
jitter_0        23        0.0381      -0.0049       0.0058   (15-84 p)   [    0.0000,     2.7200]
offset_0        24          0.84        -0.11         0.10   (15-84 p)   [-9999.3978, 10001.2170]
offset_1        25          0.88        -0.11         0.10   (15-84 p)   [-9999.3978, 10001.2170]
jitter_1        26        0.0576      -0.0097        0.012   (15-84 p)   [    0.0000,     2.7200]

----- dataset: Sdata                     ----- model: tinygp_multidimensional       
con_amp         27         0.175       -0.071        0.093   (15-84 p)   [   -1.0000,     1.0000]

----- common model:  b
P                0   0.280324956 -0.000000066  0.000000066   (15-84 p)   [    0.2750,     0.2850]
K                1          6.23        -0.56         0.55   (15-84 p)   [    0.0010,    20.0000]
Tc               2   57744.07151     -0.00011      0.00010   (15-84 p)   [57744.0000, 57744.1000]

----- common model:  c
sre_coso         3         -0.38        -0.11         0.18   (15-84 p)   [   -1.0000,     1.0000]
sre_sino         4          0.11        -0.20         0.18   (15-84 p)   [   -1.0000,     1.0000]
P                5      7.748994    -0.000015     0.000014   (15-84 p)   [    7.7000,     7.8000]
K                6          4.29        -0.94         0.94   (15-84 p)   [    0.0010,    20.0000]
Tc               7   58371.07417     -0.00066      0.00065   (15-84 p)   [58371.0000, 58371.1000]

----- common model:  activity
Prot             8         13.80        -0.26         0.47   (15-84 p)   [   10.0000,    20.0000]
Pdec             9           604         -405          284   (15-84 p)   [   20.0000,  1000.0000]
Oamp            10         -0.29        -0.39         0.21   (15-84 p)   [   -9.9658,     0.0000]

----- common model:  star_parameters

====================================================================================================
     Statistics on the model parameters obtained from the posteriors samples     
====================================================================================================

----- dataset:  RVdata
jitter_0                  5.19        -0.97          1.2    (15-84 p)
offset_0               -3412.7         -5.3          4.2    (15-84 p)
offset_1               -3380.7         -5.7          4.0    (15-84 p)
jitter_1                  1.19        -0.70         0.71    (15-84 p)


----- dataset: RVdata                    ----- model: tinygp_multidimensional       
rot_amp                     42          -17           21    (15-84 p)
con_amp                    7.3         -4.7          7.5    (15-84 p)

----- dataset:  BISdata
jitter_0                  1.11        -0.75          1.1    (15-84 p)
offset_0                  24.3         -2.8          2.4    (15-84 p)
offset_1                  50.6         -3.0          2.6    (15-84 p)
jitter_1                   2.8         -1.4          1.3    (15-84 p)


----- dataset: BISdata                   ----- model: tinygp_multidimensional       
rot_amp                    -48          -23           19    (15-84 p)
con_amp                    0.9         -5.4          5.4    (15-84 p)

----- dataset:  Sdata
jitter_0                0.0381      -0.0049       0.0058    (15-84 p)
offset_0                  0.84        -0.11         0.10    (15-84 p)
offset_1                  0.88        -0.11         0.10    (15-84 p)
jitter_1                0.0576      -0.0097        0.012    (15-84 p)


----- dataset: Sdata                     ----- model: tinygp_multidimensional       
rot_amp                   0.00                              [fixed]
con_amp                  0.175       -0.071        0.093    (15-84 p)

----- common model:  b
omega                90.000000                              [fixed]
P                  0.280324956 -0.000000066  0.000000066    (15-84 p)
K                         6.23        -0.56         0.55    (15-84 p)
Tc                 57744.07151     -0.00011      0.00010    (15-84 p)
e                         0.00                              [fixed]

----- common model:  c
e                        0.191       -0.094        0.081    (15-84 p)
omega                      165          -33           29    (15-84 p)
P                     7.748994    -0.000015     0.000014    (15-84 p)
K                         4.29        -0.94         0.94    (15-84 p)
Tc                 58371.07417     -0.00066      0.00065    (15-84 p)

----- common model:  activity
Prot                     13.80        -0.26         0.47    (15-84 p)
Pdec                       604         -405          284    (15-84 p)
Oamp                      0.82        -0.19         0.13    (15-84 p)

----- common model:  star_parameters

====================================================================================================
     Statistics on the derived parameters obtained from the posteriors samples     
====================================================================================================

----- common model:  b
Inclination fixed to 90 deg!
Computing planetary mass under the approximation M_planet << M_star (threshold at 30.0 Me)
a_Rs                     2.357       -0.068        0.071    (15-84 p)
M_Mj                    0.0159      -0.0015       0.0015    (15-84 p)
M_Me                      5.06        -0.47         0.47    (15-84 p)
mean_long               348.12        -0.45         0.46    (15-84 p)
a_AU_(M)              0.007470    -0.000100     0.000098    (15-84 p)
a_AU_(rho,R)          0.007470    -0.000100     0.000098    (15-84 p)

----- common model:  c
Inclination fixed to 90 deg!
Computing planetary mass under the approximation M_planet << M_star (threshold at 30.0 Me)
a_Rs                     21.56        -0.62         0.65    (15-84 p)
M_Mj                    0.0324      -0.0071       0.0071    (15-84 p)
M_Me                      10.3         -2.2          2.3    (15-84 p)
mean_long                   98          -11           10    (15-84 p)
a_AU_(M)               0.06831     -0.00091      0.00088    (15-84 p)
a_AU_(rho,R)           0.06831     -0.00091      0.00088    (15-84 p)


====================================================================================================
     ------------------------------------------------------------------------------------------     
====================================================================================================



****************************************************************************************************

 Parameters corresponding to the Maximum a Posteriori probability ( -430.68318305584035 )

====================================================================================================
     Statistics on the posterior of the sampler parameters     
====================================================================================================

----- dataset:  RVdata
jitter_0        11      4.745395 [    0.0120,  1088.3783]
offset_0        12  -3411.878558 [-13430.6237,  6632.5000]
offset_1        13  -3381.011493 [-13430.6237,  6632.5000]
jitter_1        14      1.645489 [    0.0120,  1088.3783]

----- dataset: RVdata                    ----- model: tinygp_multidimensional       
con_amp         15      2.633658 [ -100.0000,   100.0000]
rot_amp         16     16.426910 [    0.0000,   100.0000]

----- dataset:  BISdata
jitter_0        17      0.111676 [    0.0240,  2176.7566]
offset_0        18     23.400140 [-9995.0909, 10059.6000]
offset_1        19     50.823443 [-9995.0909, 10059.6000]
jitter_1        20      0.666608 [    0.0240,  2176.7566]

----- dataset: BISdata                   ----- model: tinygp_multidimensional       
con_amp         21      1.035389 [ -100.0000,   100.0000]
rot_amp         22    -18.973446 [ -100.0000,   100.0000]

----- dataset:  Sdata
jitter_0        23      0.033066 [    0.0000,     2.7200]
offset_0        24      0.857637 [-9999.3978, 10001.2170]
offset_1        25      0.867802 [-9999.3978, 10001.2170]
jitter_1        26      0.060001 [    0.0000,     2.7200]

----- dataset: Sdata                     ----- model: tinygp_multidimensional       
con_amp         27      0.064937 [   -1.0000,     1.0000]

----- common model:  b
P                0      0.280325 [    0.2750,     0.2850]
K                1      6.017991 [    0.0010,    20.0000]
Tc               2  57744.071476 [57744.0000, 57744.1000]

----- common model:  c
sre_coso         3     -0.370202 [   -1.0000,     1.0000]
sre_sino         4      0.101699 [   -1.0000,     1.0000]
P                5      7.748988 [    7.7000,     7.8000]
K                6      4.545188 [    0.0010,    20.0000]
Tc               7  58371.074303 [58371.0000, 58371.1000]

----- common model:  activity
Prot             8     14.148556 [   10.0000,    20.0000]
Pdec             9     50.997064 [   20.0000,  1000.0000]
Oamp            10     -1.019401 [   -9.9658,     0.0000]

----- common model:  star_parameters

====================================================================================================
     Statistics on the model parameters obtained from the posteriors samples     
====================================================================================================

----- dataset:  RVdata
jitter_0              4.745395 
offset_0          -3411.878558 
offset_1          -3381.011493 
jitter_1              1.645489 


----- dataset: RVdata                    ----- model: tinygp_multidimensional       
rot_amp              16.426910 
con_amp               2.633658 

----- dataset:  BISdata
jitter_0              0.111676 
offset_0             23.400140 
offset_1             50.823443 
jitter_1              0.666608 


----- dataset: BISdata                   ----- model: tinygp_multidimensional       
rot_amp             -18.973446 
con_amp               1.035389 

----- dataset:  Sdata
jitter_0              0.033066 
offset_0              0.857637 
offset_1              0.867802 
jitter_1              0.060001 


----- dataset: Sdata                     ----- model: tinygp_multidimensional       
rot_amp                   0.00 
con_amp               0.064937 

----- common model:  b
omega                90.000000 
P                     0.280325 
K                     6.017991 
Tc                57744.071476 
e                         0.00 

----- common model:  c
e                     0.147392 
omega               164.639115 
P                     7.748988 
K                     4.545188 
Tc                58371.074303 

----- common model:  activity
Prot                 14.148556 
Pdec                 50.997064 
Oamp                  0.493321 

----- common model:  star_parameters

====================================================================================================
     Statistics on the derived parameters obtained from the posteriors samples     
====================================================================================================

----- common model:  b
Inclination fixed to 90 deg!
a_Rs                  2.394271 
M_Mj                  0.015678 
M_Me                  4.984034 
mean_long           348.047989 
a_AU_(M)              0.007541 
a_AU_(rho,R)          0.007541 

----- common model:  c
Inclination fixed to 90 deg!
a_Rs                 20.710110 
M_Mj                  0.033326 
M_Me                 10.594281 
mean_long            95.733496 
a_AU_(M)              0.066877 
a_AU_(rho,R)          0.066876 


====================================================================================================
     ------------------------------------------------------------------------------------------     
====================================================================================================



****************************************************************************************************

 Parameters corresponding to the sample closest to the median values ( -437.02692631542124 )

====================================================================================================
     Statistics on the posterior of the sampler parameters     
====================================================================================================

----- dataset:  RVdata
jitter_0        11      5.122216 [    0.0120,  1088.3783]
offset_0        12  -3414.557110 [-13430.6237,  6632.5000]
offset_1        13  -3381.198849 [-13430.6237,  6632.5000]
jitter_1        14      1.186441 [    0.0120,  1088.3783]

----- dataset: RVdata                    ----- model: tinygp_multidimensional       
con_amp         15      8.889192 [ -100.0000,   100.0000]
rot_amp         16     40.793097 [    0.0000,   100.0000]

----- dataset:  BISdata
jitter_0        17      1.286453 [    0.0240,  2176.7566]
offset_0        18     24.032525 [-9995.0909, 10059.6000]
offset_1        19     52.075259 [-9995.0909, 10059.6000]
jitter_1        20      3.014281 [    0.0240,  2176.7566]

----- dataset: BISdata                   ----- model: tinygp_multidimensional       
con_amp         21     -0.583646 [ -100.0000,   100.0000]
rot_amp         22    -54.860683 [ -100.0000,   100.0000]

----- dataset:  Sdata
jitter_0        23      0.037901 [    0.0000,     2.7200]
offset_0        24      0.818390 [-9999.3978, 10001.2170]
offset_1        25      0.863168 [-9999.3978, 10001.2170]
jitter_1        26      0.055817 [    0.0000,     2.7200]

----- dataset: Sdata                     ----- model: tinygp_multidimensional       
con_amp         27      0.233566 [   -1.0000,     1.0000]

----- common model:  b
P                0      0.280325 [    0.2750,     0.2850]
K                1      6.254294 [    0.0010,    20.0000]
Tc               2  57744.071450 [57744.0000, 57744.1000]

----- common model:  c
sre_coso         3     -0.422152 [   -1.0000,     1.0000]
sre_sino         4     -0.019317 [   -1.0000,     1.0000]
P                5      7.749007 [    7.7000,     7.8000]
K                6      3.665302 [    0.0010,    20.0000]
Tc               7  58371.074520 [58371.0000, 58371.1000]

----- common model:  activity
Prot             8     13.628056 [   10.0000,    20.0000]
Pdec             9    650.990145 [   20.0000,  1000.0000]
Oamp            10     -0.265676 [   -9.9658,     0.0000]

----- common model:  star_parameters

====================================================================================================
     Statistics on the model parameters obtained from the posteriors samples     
====================================================================================================

----- dataset:  RVdata
jitter_0              5.122216 
offset_0          -3414.557110 
offset_1          -3381.198849 
jitter_1              1.186441 


----- dataset: RVdata                    ----- model: tinygp_multidimensional       
rot_amp              40.793097 
con_amp               8.889192 

----- dataset:  BISdata
jitter_0              1.286453 
offset_0             24.032525 
offset_1             52.075259 
jitter_1              3.014281 


----- dataset: BISdata                   ----- model: tinygp_multidimensional       
rot_amp             -54.860683 
con_amp              -0.583646 

----- dataset:  Sdata
jitter_0              0.037901 
offset_0              0.818390 
offset_1              0.863168 
jitter_1              0.055817 


----- dataset: Sdata                     ----- model: tinygp_multidimensional       
rot_amp                   0.00 
con_amp               0.233566 

----- common model:  b
omega                90.000000 
P                     0.280325 
K                     6.254294 
Tc                57744.071450 
e                         0.00 

----- common model:  c
e                     0.178585 
omega              -177.380025 
P                     7.749007 
K                     3.665302 
Tc                58371.074520 

----- common model:  activity
Prot                 13.628056 
Pdec                650.990145 
Oamp                  0.831809 

----- common model:  star_parameters

====================================================================================================
     Statistics on the derived parameters obtained from the posteriors samples     
====================================================================================================

----- common model:  b
Inclination fixed to 90 deg!
a_Rs                  2.308979 
M_Mj                  0.015890 
M_Me                  5.051193 
mean_long           348.351227 
a_AU_(M)              0.007446 
a_AU_(rho,R)          0.007446 

----- common model:  c
Inclination fixed to 90 deg!
a_Rs                 22.012763 
M_Mj                  0.028636 
M_Me                  9.103091 
mean_long           100.320812 
a_AU_(M)              0.069214 
a_AU_(rho,R)          0.069213 


====================================================================================================
     ------------------------------------------------------------------------------------------     
====================================================================================================



****************************************************************************************************

Inclination fixed to 90 deg!
Inclination fixed to 90 deg!
 Trying to identify the stellar parameters
Note: stellar density derived from its mass and radius

Inclination fixed to 90 deg!
Inclination fixed to 90 deg!
 Trying to identify the stellar parameters
Inclination fixed to 90 deg!
Inclination fixed to 90 deg!
 Trying to identify the stellar parameters
 Plot FLAT chain 

****************************************************************************************************

Plotting full_correlation plot with pygtc

****************************************************************************************************

 Plotting the chains... 

****************************************************************************************************

 Plotting the Gelman-Rubin traces... 

     Gelman-Rubin:    11     1.024725 RVdata_jitter_0 
     Gelman-Rubin:    12     1.069626 RVdata_offset_0 
     Gelman-Rubin:    13     1.068339 RVdata_offset_1 
     Gelman-Rubin:    14     1.018548 RVdata_jitter_1 
     Gelman-Rubin:    15     1.046809 RVdata_tinygp_multidimensional_con_amp 
     Gelman-Rubin:    16     1.036016 RVdata_tinygp_multidimensional_rot_amp 
     Gelman-Rubin:    17     1.020331 BISdata_jitter_0 
     Gelman-Rubin:    18     1.064447 BISdata_offset_0 
     Gelman-Rubin:    19     1.062524 BISdata_offset_1 
     Gelman-Rubin:    20     1.020820 BISdata_jitter_1 
     Gelman-Rubin:    21     1.057855 BISdata_tinygp_multidimensional_con_amp 
     Gelman-Rubin:    22     1.035339 BISdata_tinygp_multidimensional_rot_amp 
     Gelman-Rubin:    23     1.019049 Sdata_jitter_0 
     Gelman-Rubin:    24     1.068231 Sdata_offset_0 
     Gelman-Rubin:    25     1.066116 Sdata_offset_1 
     Gelman-Rubin:    26     1.021531 Sdata_jitter_1 
     Gelman-Rubin:    27     1.040196 Sdata_tinygp_multidimensional_con_amp 
     Gelman-Rubin:     0     1.014349 b_P 
     Gelman-Rubin:     1     1.015381 b_K 
     Gelman-Rubin:     2     1.015559 b_Tc 
     Gelman-Rubin:     3     1.031004 c_sre_coso 
     Gelman-Rubin:     4     1.025655 c_sre_sino 
     Gelman-Rubin:     5     1.019900 c_P 
     Gelman-Rubin:     6     1.017337 c_K 
     Gelman-Rubin:     7     1.015603 c_Tc 
     Gelman-Rubin:     8     1.033800 activity_Prot 
     Gelman-Rubin:     9     1.024565 activity_Pdec 
     Gelman-Rubin:    10     1.028650 activity_Oamp 

****************************************************************************************************

 Plotting the common models corner plots
     Common model:  b
     Common model:  c
     Common model:  activity
     Common model:  star_parameters

****************************************************************************************************

 Dataset + models corner plots 

     Dataset:  RVdata     model:  tinygp_multidimensional  corner plot  starting 
     Dataset:  RVdata     model:  tinygp_multidimensional  corner plot  done 
     Dataset:  RVdata     model:  radial_velocities_b  corner plot  starting 
     Dataset:  RVdata     model:  radial_velocities_b  corner plot  done 
     Dataset:  RVdata     model:  radial_velocities_c  corner plot  starting 
     Dataset:  RVdata     model:  radial_velocities_c  corner plot  done 
     Dataset:  BISdata     model:  tinygp_multidimensional  corner plot  starting 
     Dataset:  BISdata     model:  tinygp_multidimensional  corner plot  done 
     Dataset:  Sdata     model:  tinygp_multidimensional  corner plot  starting 
     Dataset:  Sdata     model:  tinygp_multidimensional  corner plot  done 

****************************************************************************************************

 Saving the planet parameter samplings to files (with plots)

****************************************************************************************************

 Saving all the parameter samplings to files (with plots)

****************************************************************************************************

 Computing the models for plot/data writing 
     Splitting the plot array to allow GP prediction of extended datasets, it may take a while...
