**** USING NUMBA ****

PyORBIT v10.0.0beta

Python version in use:
3.9.16 (main, Mar  8 2023, 14:00:05) 
[GCC 11.2.0]

reloaded_optimize:  False
reloaded_pyde:  True
reloaded_emcee:  False

number of multiprocessing threads: 12

parameters/safe_reload flag (must be True for tinygp):  True

Opening:  RVdata
Opening:  BISdata
Opening:  Sdata
Adding common model of planet:  b
Adding common model of planet:  c
Using orbital model:  circular
Using orbital parametrization:  Eastman2013_Tcent
Time of transit replacing mean longitude as a free parameter:  True

Using orbital model:  keplerian
Using orbital parametrization:  Eastman2013_Tcent
Time of transit replacing mean longitude as a free parameter:  True


====================================================================================================
     Ids, spaces (s), boundaries (b) and priors (p) of the sampler parameters     
====================================================================================================

----- dataset:  RVdata
jitter_0      id:  11  s:Linear      b:[      0.0120,    1088.3783]   p:Uniform   []
offset_0      id:  12  s:Linear      b:[ -13430.6237,    6632.5000]   p:Uniform   []
offset_1      id:  13  s:Linear      b:[ -13430.6237,    6632.5000]   p:Uniform   []
jitter_1      id:  14  s:Linear      b:[      0.0120,    1088.3783]   p:Uniform   []

----- dataset: RVdata                    ----- model: tinygp_multidimensional       
con_amp       id:  15  s:Linear      b:[   -100.0000,     100.0000]   p:Uniform   []
rot_amp       id:  16  s:Linear      b:[      0.0000,     100.0000]   p:Uniform   []

----- dataset:  BISdata
jitter_0      id:  17  s:Linear      b:[      0.0240,    2176.7566]   p:Uniform   []
offset_0      id:  18  s:Linear      b:[  -9995.0909,   10059.6000]   p:Uniform   []
offset_1      id:  19  s:Linear      b:[  -9995.0909,   10059.6000]   p:Uniform   []
jitter_1      id:  20  s:Linear      b:[      0.0240,    2176.7566]   p:Uniform   []

----- dataset: BISdata                   ----- model: tinygp_multidimensional       
con_amp       id:  21  s:Linear      b:[   -100.0000,     100.0000]   p:Uniform   []
rot_amp       id:  22  s:Linear      b:[   -100.0000,     100.0000]   p:Uniform   []

----- dataset:  Sdata
jitter_0      id:  23  s:Linear      b:[      0.0000,       2.7200]   p:Uniform   []
offset_0      id:  24  s:Linear      b:[  -9999.3978,   10001.2170]   p:Uniform   []
offset_1      id:  25  s:Linear      b:[  -9999.3978,   10001.2170]   p:Uniform   []
jitter_1      id:  26  s:Linear      b:[      0.0000,       2.7200]   p:Uniform   []

----- dataset: Sdata                     ----- model: tinygp_multidimensional       
con_amp       id:  27  s:Linear      b:[     -1.0000,       1.0000]   p:Uniform   []
rot_amp       derived (no id, space, bound)                           p:None   []

----- common model:  b
P             id:   0  s:Linear      b:[      0.2750,       0.2850]   p:Gaussian   [2.80324956e-01 6.70000000e-08]
K             id:   1  s:Linear      b:[      0.0010,      20.0000]   p:Uniform   []
Tc            id:   2  s:Linear      b:[  57744.0000,   57744.1000]   p:Gaussian   [5.77440715e+04 1.03000000e-04]
omega         derived (no id, space, bound)                           p:None   []
e             derived (no id, space, bound)                           p:None   []

----- common model:  c
sre_coso      id:   3  s:Linear      b:[     -1.0000,       1.0000]   p:Uniform   []
sre_sino      id:   4  s:Linear      b:[     -1.0000,       1.0000]   p:Uniform   []
P             id:   5  s:Linear      b:[      7.7000,       7.8000]   p:Gaussian   [7.7489943e+00 1.4900000e-05]
K             id:   6  s:Linear      b:[      0.0010,      20.0000]   p:Uniform   []
Tc            id:   7  s:Linear      b:[  58371.0000,   58371.1000]   p:Gaussian   [5.83710742e+04 6.52000000e-04]
e             derived (no id, space, bound)                           p:Gaussian   [0.    0.098]
omega         derived (no id, space, bound)                           p:Uniform   [0.0, 360.0]

----- common model:  activity
Prot          id:   8  s:Linear      b:[     10.0000,      20.0000]   p:Uniform   []
Pdec          id:   9  s:Linear      b:[     20.0000,    1000.0000]   p:Uniform   []
Oamp          id:  10  s:Log_Base2   b:[     -9.9658,       0.0000]   p:Uniform   []

----- common model:  star_parameters
mass          derived (no id, space, bound)                           p:Gaussian   [0.708 0.028]
radius        derived (no id, space, bound)                           p:Gaussian   [0.681 0.018]
density       derived (no id, space, bound)                           p:Gaussian   [2.65 0.08]

Include priors:  True

Reference Time Tref:  59200.0

Dimensions =  28
Nwalkers =  112

Using previous population as starting point. 

====================================================================================================
     Starting point of the sample/optimization routines    
====================================================================================================

----- dataset:  RVdata
jitter_0        11      4.829999 [    0.0120,  1088.3783]
offset_0        12  -3411.962169 [-13430.6237,  6632.5000]
offset_1        13  -3380.106229 [-13430.6237,  6632.5000]
jitter_1        14      0.765838 [    0.0120,  1088.3783]

----- dataset: RVdata                    ----- model: tinygp_multidimensional       
con_amp         15      2.079816 [ -100.0000,   100.0000]
rot_amp         16     12.725358 [    0.0000,   100.0000]

----- dataset:  BISdata
jitter_0        17      0.082053 [    0.0240,  2176.7566]
offset_0        18     24.340962 [-9995.0909, 10059.6000]
offset_1        19     50.902991 [-9995.0909, 10059.6000]
jitter_1        20      2.578903 [    0.0240,  2176.7566]

----- dataset: BISdata                   ----- model: tinygp_multidimensional       
con_amp         21      0.271750 [ -100.0000,   100.0000]
rot_amp         22    -14.799502 [ -100.0000,   100.0000]

----- dataset:  Sdata
jitter_0        23      0.035351 [    0.0000,     2.7200]
offset_0        24      0.862994 [-9999.3978, 10001.2170]
offset_1        25      0.900801 [-9999.3978, 10001.2170]
jitter_1        26      0.052838 [    0.0000,     2.7200]

----- dataset: Sdata                     ----- model: tinygp_multidimensional       
con_amp         27      0.056431 [   -1.0000,     1.0000]

----- common model:  b
P                0      0.280325 [    0.2750,     0.2850]
K                1      6.339851 [    0.0010,    20.0000]
Tc               2  57744.071509 [57744.0000, 57744.1000]

----- common model:  c
sre_coso         3     -0.472351 [   -1.0000,     1.0000]
sre_sino         4      0.113148 [   -1.0000,     1.0000]
P                5      7.748994 [    7.7000,     7.8000]
K                6      4.391523 [    0.0010,    20.0000]
Tc               7  58371.074149 [58371.0000, 58371.1000]

----- common model:  activity
Prot             8     13.809362 [   10.0000,    20.0000]
Pdec             9    907.394082 [   20.0000,  1000.0000]
Oamp            10     -1.094421 [   -9.9658,     0.0000]

----- common model:  star_parameters

====================================================================================================
     Starting point projected onto the model parameter space     
====================================================================================================

----- dataset:  RVdata
jitter_0              4.829999 
offset_0          -3411.962169 
offset_1          -3380.106229 
jitter_1              0.765838 


----- dataset: RVdata                    ----- model: tinygp_multidimensional       
con_amp               2.079816 
rot_amp              12.725358 

----- dataset:  BISdata
jitter_0              0.082053 
offset_0             24.340962 
offset_1             50.902991 
jitter_1              2.578903 


----- dataset: BISdata                   ----- model: tinygp_multidimensional       
con_amp               0.271750 
rot_amp             -14.799502 

----- dataset:  Sdata
jitter_0              0.035351 
offset_0              0.862994 
offset_1              0.900801 
jitter_1              0.052838 


----- dataset: Sdata                     ----- model: tinygp_multidimensional       
con_amp               0.056431 
rot_amp                   0.00 

----- common model:  b
omega                90.000000 
P                     0.280325 
K                     6.339851 
Tc                57744.071509 
e                         0.00 

----- common model:  c
e                     0.235918 
omega               166.529034 
P                     7.748994 
K                     4.391523 
Tc                58371.074149 

----- common model:  activity
Prot                 13.809362 
Pdec                907.394082 
Oamp                  0.468324 

----- common model:  star_parameters

====================================================================================================
     Derived parameters obtained from starting point     
====================================================================================================

----- common model:  b
Inclination fixed to 90 deg!
a_Rs                  2.372883 
M_Mj                  0.016537 
M_Me                  5.257009 
mean_long           348.118134 
a_AU_(M)              0.007545 
a_AU_(rho,R)          0.007545 

----- common model:  c
Inclination fixed to 90 deg!
a_Rs                 21.047922 
M_Mj                  0.032432 
M_Me                 10.309937 
mean_long           104.965520 
a_AU_(M)              0.067713 
a_AU_(rho,R)          0.067712 


====================================================================================================
     ------------------------------------------------------------------------------------------     
====================================================================================================



*************************************************************

Running emcee

emcee version:  3.1.4
Using threading pool for emcee: True


Computing the autocorrelation time of the chains

***** WARNING ******
The integrated autocorrelation time cannot be reliably estimated
likely the chains are too short, and ACF analysis is not fully reliable
emcee.autocorr.integrated_time tolerance lowered to 20
If you still get a warning, you should drop these results entirely
Chains too short to apply convergence criteria
They should be at least 1350*nthin = 135000

====================================================================================================
     Statistics on the posterior of the sampler parameters     
====================================================================================================

----- dataset:  RVdata
jitter_0        11          5.19        -0.97          1.2   (15-84 p)   [    0.0120,  1088.3783]
offset_0        12       -3412.7         -5.3          4.2   (15-84 p)   [-13430.6237,  6632.5000]
offset_1        13       -3380.7         -5.7          4.0   (15-84 p)   [-13430.6237,  6632.5000]
jitter_1        14          1.19        -0.70         0.71   (15-84 p)   [    0.0120,  1088.3783]

----- dataset: RVdata                    ----- model: tinygp_multidimensional       
con_amp         15           7.3         -4.7          7.5   (15-84 p)   [ -100.0000,   100.0000]
rot_amp         16            42          -17           21   (15-84 p)   [    0.0000,   100.0000]

----- dataset:  BISdata
jitter_0        17          1.11        -0.75          1.1   (15-84 p)   [    0.0240,  2176.7566]
offset_0        18          24.3         -2.8          2.4   (15-84 p)   [-9995.0909, 10059.6000]
offset_1        19          50.6         -3.0          2.6   (15-84 p)   [-9995.0909, 10059.6000]
jitter_1        20           2.8         -1.4          1.3   (15-84 p)   [    0.0240,  2176.7566]

----- dataset: BISdata                   ----- model: tinygp_multidimensional       
con_amp         21           0.9         -5.4          5.4   (15-84 p)   [ -100.0000,   100.0000]
rot_amp         22           -48          -23           19   (15-84 p)   [ -100.0000,   100.0000]

----- dataset:  Sdata
jitter_0        23        0.0381      -0.0049       0.0058   (15-84 p)   [    0.0000,     2.7200]
offset_0        24          0.84        -0.11         0.10   (15-84 p)   [-9999.3978, 10001.2170]
offset_1        25          0.88        -0.11         0.10   (15-84 p)   [-9999.3978, 10001.2170]
jitter_1        26        0.0576      -0.0097        0.012   (15-84 p)   [    0.0000,     2.7200]

----- dataset: Sdata                     ----- model: tinygp_multidimensional       
con_amp         27         0.175       -0.071        0.093   (15-84 p)   [   -1.0000,     1.0000]

----- common model:  b
P                0   0.280324956 -0.000000066  0.000000066   (15-84 p)   [    0.2750,     0.2850]
K                1          6.23        -0.56         0.55   (15-84 p)   [    0.0010,    20.0000]
Tc               2   57744.07151     -0.00011      0.00010   (15-84 p)   [57744.0000, 57744.1000]

----- common model:  c
sre_coso         3         -0.38        -0.11         0.18   (15-84 p)   [   -1.0000,     1.0000]
sre_sino         4          0.11        -0.20         0.18   (15-84 p)   [   -1.0000,     1.0000]
P                5      7.748994    -0.000015     0.000014   (15-84 p)   [    7.7000,     7.8000]
K                6          4.29        -0.94         0.94   (15-84 p)   [    0.0010,    20.0000]
Tc               7   58371.07417     -0.00066      0.00065   (15-84 p)   [58371.0000, 58371.1000]

----- common model:  activity
Prot             8         13.80        -0.26         0.47   (15-84 p)   [   10.0000,    20.0000]
Pdec             9           604         -405          284   (15-84 p)   [   20.0000,  1000.0000]
Oamp            10         -0.29        -0.39         0.21   (15-84 p)   [   -9.9658,     0.0000]

----- common model:  star_parameters

====================================================================================================
     Statistics on the model parameters obtained from the posteriors samples     
====================================================================================================

----- dataset:  RVdata
jitter_0                  5.19        -0.97          1.2    (15-84 p)
offset_0               -3412.7         -5.3          4.2    (15-84 p)
offset_1               -3380.7         -5.7          4.0    (15-84 p)
jitter_1                  1.19        -0.70         0.71    (15-84 p)


----- dataset: RVdata                    ----- model: tinygp_multidimensional       
con_amp                    7.3         -4.7          7.5    (15-84 p)
rot_amp                     42          -17           21    (15-84 p)

----- dataset:  BISdata
jitter_0                  1.11        -0.75          1.1    (15-84 p)
offset_0                  24.3         -2.8          2.4    (15-84 p)
offset_1                  50.6         -3.0          2.6    (15-84 p)
jitter_1                   2.8         -1.4          1.3    (15-84 p)


----- dataset: BISdata                   ----- model: tinygp_multidimensional       
con_amp                    0.9         -5.4          5.4    (15-84 p)
rot_amp                    -48          -23           19    (15-84 p)

----- dataset:  Sdata
jitter_0                0.0381      -0.0049       0.0058    (15-84 p)
offset_0                  0.84        -0.11         0.10    (15-84 p)
offset_1                  0.88        -0.11         0.10    (15-84 p)
jitter_1                0.0576      -0.0097        0.012    (15-84 p)


----- dataset: Sdata                     ----- model: tinygp_multidimensional       
con_amp                  0.175       -0.071        0.093    (15-84 p)
rot_amp                   0.00                              [fixed]

----- common model:  b
omega                90.000000                              [fixed]
P                  0.280324956 -0.000000066  0.000000066    (15-84 p)
K                         6.23        -0.56         0.55    (15-84 p)
Tc                 57744.07151     -0.00011      0.00010    (15-84 p)
e                         0.00                              [fixed]

----- common model:  c
e                        0.191       -0.094        0.081    (15-84 p)
omega                      138         -302           30    (15-84 p)
P                     7.748994    -0.000015     0.000014    (15-84 p)
K                         4.29        -0.94         0.94    (15-84 p)
Tc                 58371.07417     -0.00066      0.00065    (15-84 p)

----- common model:  activity
Prot                     13.80        -0.26         0.47    (15-84 p)
Pdec                       604         -405          284    (15-84 p)
Oamp                      0.82        -0.19         0.13    (15-84 p)

----- common model:  star_parameters

====================================================================================================
     Statistics on the derived parameters obtained from the posteriors samples     
====================================================================================================

----- common model:  b
Inclination fixed to 90 deg!
Computing planetary mass under the approximation M_planet << M_star (threshold at 30.0 Me)
a_Rs                     2.358       -0.068        0.071    (15-84 p)
M_Mj                    0.0159      -0.0015       0.0015    (15-84 p)
M_Me                      5.06        -0.48         0.47    (15-84 p)
mean_long               348.12        -0.45         0.46    (15-84 p)
a_AU_(M)              0.007472     -0.00010     0.000097    (15-84 p)
a_AU_(rho,R)          0.007472     -0.00010     0.000097    (15-84 p)

----- common model:  c
Inclination fixed to 90 deg!
Computing planetary mass under the approximation M_planet << M_star (threshold at 30.0 Me)
a_Rs                     21.56        -0.63         0.64    (15-84 p)
M_Mj                    0.0324      -0.0071       0.0071    (15-84 p)
M_Me                      10.3         -2.3          2.3    (15-84 p)
mean_long                   98          -11           10    (15-84 p)
a_AU_(M)               0.06831     -0.00092      0.00089    (15-84 p)
a_AU_(rho,R)           0.06831     -0.00092      0.00089    (15-84 p)


====================================================================================================
     ------------------------------------------------------------------------------------------     
====================================================================================================



emcee completed

