**** USING NUMBA ****

PyORBIT v10.0.0beta

Python version in use:
3.9.12 (main, Jun  1 2022, 11:38:51) 
[GCC 7.5.0]
 LaTeX disabled by default
Using orbital model:  circular
Using orbital parametrization:  Eastman2013


emcee version:  3.1.2

 Reference Time Tref: 2453600.0

 Dimensions = 5
 Nwalkers = 20

 Steps: 50000


 LN posterior:   -93.036395      -2.350409     1.528904 (15-84 p) 

 Median log_priors     = -29.252462408634802
 Median log_likelihood = -61.615643311894985

 Median BIC  (using likelihood) = 136.771537629301
 Median AIC  (using likelihood) = 133.23128662378997
 Median AICc (using likelihood) = 139.89795329045663

 Median BIC  (using posterior)  = 195.2764624465706
 Median AIC  (using posterior)  = 191.73621144105957
 Median AICc (using posterior)  = 198.40287810772622

 MAP log_priors     = -29.252462408634802
 MAP log_likelihood = -60.96641937845375

 MAP BIC  (using likelihood) = 135.47308976241854
 MAP AIC  (using likelihood) = 131.9328387569075
 MAP AICc (using likelihood) = 138.59950542357416

 MAP BIC  (using posterior)  = 193.97801457968814
 MAP AIC  (using posterior)  = 190.4377635741771
 MAP AICc (using posterior)  = 197.10443024084375

 AICc suggested over AIC because NDATA ( 15 ) < 40 * NDIM ( 5 )

****************************************************************************************************


Computing the autocorrelation time of the chains

The chains are more than 50 times longer than the ACF, the estimate can be trusted

Reference thinning used in the analysis: 100
Step length used in the analysis: 1*nthin = 100

Convergence criteria: less than 1% variation in ACF after 50 times the integrated ACF
At least 50*ACF after convergence, 100*ACF would be ideal
Negative values: not converged yet

   sampler parameter              |    ACF   | ACF*nthin | converged at | nsteps/ACF | to 100*ACF
                                  |          |           |              |            | 
   Bouchy2005_RV01_noRML_jitter_0 |    1.18  |      118  |     7300     |     363    |       0 
   Bouchy2005_RV01_noRML_offset_0 |    1.05  |      105  |     6000     |     421    |       0 
   b_K                            |    1.10  |      110  |     7000     |     390    |       0 
   b_P                            |    1.12  |      112  |     6800     |     385    |       0 
   b_mean_long                    |    1.14  |      114  |     6800     |     381    |       0 

All the chains are longer than 100*ACF 
Suggested value for burnin: 6780

 Plotting the ACF... 


====================================================================================================
     Ids, spaces (s), boundaries (b) and priors (p) of the sampler parameters     
====================================================================================================

----- dataset:  Bouchy2005_RV01_noRML
jitter_0      id:   3  s:Linear      b:[      0.0510,     510.0000]   p:Uniform   []
offset_0      id:   4  s:Linear      b:[ -12575.0000,    7844.0000]   p:Uniform   []

----- common model:  b
K             id:   0  s:Log_Base2   b:[     -6.6439,       8.2288]   p:Uniform   []
P             id:   1  s:Log_Base2   b:[     -1.0000,       2.3219]   p:Uniform   []
mean_long     id:   2  s:Linear      b:[    141.9161,     501.9161]   p:Uniform   []
omega         derived (no id, space, bound)                           p:None   []
e             derived (no id, space, bound)                           p:None   []

----- common model:  star_parameters
mass          derived (no id, space, bound)                           p:Gaussian   [0.806 0.048]


****************************************************************************************************
****************************************************************************************************

 Confidence intervals (median value, 34.135th percentile from the median on the left and right side)

====================================================================================================
     Statistics on the posterior of the sampler parameters     
====================================================================================================

----- dataset:  Bouchy2005_RV01_noRML
jitter_0         3          16.9         -3.5          5.2   (15-84 p)   [    0.0510,   510.0000]
offset_0         4       -2363.5         -4.9          4.9   (15-84 p)   [-12575.0000,  7844.0000]

----- common model:  b
K                0         7.675       -0.061        0.057   (15-84 p)   [   -6.6439,     8.2288]
P                1        1.1471      -0.0025       0.0023   (15-84 p)   [   -1.0000,     2.3219]
mean_long        2         349.6         -8.4          7.9   (15-84 p)   [  141.9161,   501.9161]

----- common model:  star_parameters

====================================================================================================
     Statistics on the model parameters obtained from the posteriors samples     
====================================================================================================

----- dataset:  Bouchy2005_RV01_noRML
jitter_0                  16.9         -3.5          5.2    (15-84 p)
offset_0               -2363.5         -4.9          4.9    (15-84 p)


----- common model:  b
K                        204.4         -8.4          8.3    (15-84 p)
omega                90.000000                              [fixed]
P                       2.2146      -0.0038       0.0035    (15-84 p)
e                         0.00                              [fixed]
mean_long                349.6         -8.4          7.9    (15-84 p)

----- common model:  star_parameters

====================================================================================================
     Statistics on the derived parameters obtained from the posteriors samples     
====================================================================================================

----- common model:  b
Inclination fixed to 90 deg!
Computing exact mass of the planet (average approximate mass larger than 30.0 Me)
M_Mj                     1.135       -0.066        0.069    (15-84 p)
M_Me                       361          -21           22    (15-84 p)
Tc                 2453600.618       -0.048        0.051    (15-84 p)
a_AU_(M)               0.03097     -0.00064      0.00060    (15-84 p)


====================================================================================================
     ------------------------------------------------------------------------------------------     
====================================================================================================



****************************************************************************************************

 Parameters corresponding to the Maximum a Posteriori probability ( -90.21888178708855 )

====================================================================================================
     Statistics on the posterior of the sampler parameters     
====================================================================================================

----- dataset:  Bouchy2005_RV01_noRML
jitter_0         3     12.868258 [    0.0510,   510.0000]
offset_0         4  -2363.184507 [-12575.0000,  7844.0000]

----- common model:  b
K                0      7.671826 [   -6.6439,     8.2288]
P                1      1.147026 [   -1.0000,     2.3219]
mean_long        2    349.446798 [  141.9161,   501.9161]

----- common model:  star_parameters

====================================================================================================
     Statistics on the model parameters obtained from the posteriors samples     
====================================================================================================

----- dataset:  Bouchy2005_RV01_noRML
jitter_0             12.868258 
offset_0          -2363.184507 


----- common model:  b
K                   203.915235 
omega                90.000000 
P                     2.214568 
e                         0.00 
mean_long           349.446798 

----- common model:  star_parameters

====================================================================================================
     Statistics on the derived parameters obtained from the posteriors samples     
====================================================================================================

----- common model:  b
Inclination fixed to 90 deg!
M_Mj                  1.142793 
M_Me                363.287228 
Tc              2453600.618561 
a_AU_(M)              0.031085 


====================================================================================================
     ------------------------------------------------------------------------------------------     
====================================================================================================



****************************************************************************************************

 Parameters corresponding to the sample closest to the median values ( -90.96660839827362 )

====================================================================================================
     Statistics on the posterior of the sampler parameters     
====================================================================================================

----- dataset:  Bouchy2005_RV01_noRML
jitter_0         3     17.022711 [    0.0510,   510.0000]
offset_0         4  -2364.305405 [-12575.0000,  7844.0000]

----- common model:  b
K                0      7.673535 [   -6.6439,     8.2288]
P                1      1.147005 [   -1.0000,     2.3219]
mean_long        2    348.742027 [  141.9161,   501.9161]

----- common model:  star_parameters

====================================================================================================
     Statistics on the model parameters obtained from the posteriors samples     
====================================================================================================

----- dataset:  Bouchy2005_RV01_noRML
jitter_0             17.022711 
offset_0          -2364.305405 


----- common model:  b
K                   204.157036 
omega                90.000000 
P                     2.214537 
e                         0.00 
mean_long           348.742027 

----- common model:  star_parameters

====================================================================================================
     Statistics on the derived parameters obtained from the posteriors samples     
====================================================================================================

----- common model:  b
Inclination fixed to 90 deg!
M_Mj                  1.086020 
M_Me                345.239328 
Tc              2453600.622888 
a_AU_(M)              0.030285 


====================================================================================================
     ------------------------------------------------------------------------------------------     
====================================================================================================



****************************************************************************************************

Inclination fixed to 90 deg!
 Trying to identify the stellar parameters
 *** Please provide a prior on stellar mass, radius or density *** 

Inclination fixed to 90 deg!
 Trying to identify the stellar parameters
Inclination fixed to 90 deg!
 Trying to identify the stellar parameters
 Plot FLAT chain 

****************************************************************************************************

Plotting full_correlation plot with pygtc

****************************************************************************************************

 Plotting the chains... 

****************************************************************************************************

 Plotting the Gelman-Rubin traces... 

     Gelman-Rubin:     3     1.000007 Bouchy2005_RV01_noRML_jitter_0 
     Gelman-Rubin:     4     0.999919 Bouchy2005_RV01_noRML_offset_0 
     Gelman-Rubin:     0     1.000787 b_K 
     Gelman-Rubin:     1     1.001474 b_P 
     Gelman-Rubin:     2     1.001407 b_mean_long 

****************************************************************************************************

 Plotting the common models corner plots
     Common model:  b
     Common model:  star_parameters

****************************************************************************************************

 Dataset + models corner plots 

     Dataset:  Bouchy2005_RV01_noRML     model:  radial_velocities_b  corner plot  starting 
     Dataset:  Bouchy2005_RV01_noRML     model:  radial_velocities_b  corner plot  done 

****************************************************************************************************

 Saving the planet parameter samplings to files (with plots)

****************************************************************************************************

 Saving all the parameter samplings to files (with plots)

****************************************************************************************************

 Computing the models for plot/data writing 
 Writing the plots 
 Writing the   data files 
 Writing the  MAP_ data files 
 Writing the  sampleMED_ data files 

****************************************************************************************************

