**** USING NUMBA ****

PyORBIT v10.0.0beta

Python version in use:
3.9.12 (main, Jun  1 2022, 11:38:51) 
[GCC 7.5.0]

reloaded_optimize:  False
reloaded_pyde:  False
reloaded_emcee:  False

number of multiprocessing threads: 16

parameters/safe_reload flag (must be True for tinygp):  False

Opening:  Bouchy2005_RV01_noRML
Opening:  Winn2006_RV02_noRML
Opening:  Boisse2009_RV03_noRML
Adding common model of planet:  b
Using orbital model:  circular
Using orbital parametrization:  Eastman2013


====================================================================================================
     Ids, spaces (s), boundaries (b) and priors (p) of the sampler parameters     
====================================================================================================

----- dataset:  Bouchy2005_RV01_noRML
jitter_0      id:   3  s:Linear      b:[      0.0510,     510.0000]   p:Uniform   []
offset_0      id:   4  s:Linear      b:[ -12575.0000,    7844.0000]   p:Uniform   []

----- dataset:  Winn2006_RV02_noRML
jitter_0      id:   5  s:Linear      b:[      0.0072,     160.9000]   p:Uniform   []
offset_0      id:   6  s:Linear      b:[ -10206.9940,   10186.7170]   p:Uniform   []

----- dataset:  Boisse2009_RV03_noRML
jitter_0      id:   7  s:Linear      b:[      0.0330,     420.0000]   p:Uniform   []
offset_0      id:   8  s:Linear      b:[ -12475.9000,    7932.5000]   p:Uniform   []

----- common model:  b
P             id:   0  s:Log_Base2   b:[     -1.0000,       2.3219]   p:Uniform   []
K             id:   1  s:Log_Base2   b:[     -6.6439,       8.2288]   p:Uniform   []
mean_long     id:   2  s:Linear      b:[      0.0000,     360.0000]   p:Uniform   []
omega         derived (no id, space, bound)                           p:None   []
e             derived (no id, space, bound)                           p:None   []

----- common model:  star_parameters
mass          derived (no id, space, bound)                           p:Gaussian   [0.806 0.048]

Include priors:  True

Reference Time Tref:  2453600.0

Dimensions =  9
Nwalkers =  36

Using threading pool for PyDE: True
PyDE running
Boundaries redefined after PyDE output
PyDE completed, it took          2.4 seconds

====================================================================================================
     Starting point of the sample/optimization routines    
====================================================================================================

----- dataset:  Bouchy2005_RV01_noRML
jitter_0         3     14.854674 [    0.0510,   510.0000]
offset_0         4  -2361.992347 [-12575.0000,  7844.0000]

----- dataset:  Winn2006_RV02_noRML
jitter_0         5      9.738290 [    0.0072,   160.9000]
offset_0         6     -9.873805 [-10206.9940, 10186.7170]

----- dataset:  Boisse2009_RV03_noRML
jitter_0         7      8.018952 [    0.0330,   420.0000]
offset_0         8  -2273.616578 [-12475.9000,  7932.5000]

----- common model:  b
P                0      1.149636 [   -1.0000,     2.3219]
K                1      7.657526 [   -6.6439,     8.2288]
mean_long        2      0.001630 [ -179.9984,   180.0016]

----- common model:  star_parameters

====================================================================================================
     Starting point projected onto the model parameter space     
====================================================================================================

----- dataset:  Bouchy2005_RV01_noRML
jitter_0             14.854674 
offset_0          -2361.992347 


----- dataset:  Winn2006_RV02_noRML
jitter_0              9.738290 
offset_0             -9.873805 


----- dataset:  Boisse2009_RV03_noRML
jitter_0              8.018952 
offset_0          -2273.616578 


----- common model:  b
P                     2.218578 
omega                90.000000 
e                         0.00 
K                   201.903994 
mean_long             0.001630 

----- common model:  star_parameters

====================================================================================================
     Derived parameters obtained from starting point     
====================================================================================================

----- common model:  b
Inclination fixed to 90 deg!
M_Mj                  1.080743 
M_Me                343.562063 
Tc              2453600.554635 
a_AU_(M)              0.030407 


====================================================================================================
     Statistics on the log-likelihood     
====================================================================================================

 LN probability:  -337.356335 

====================================================================================================
     ------------------------------------------------------------------------------------------     
====================================================================================================



*************************************************************

Running emcee

emcee version:  3.1.2
Using threading pool for emcee: True


Computing the autocorrelation time of the chains

The chains are more than 50 times longer than the ACF, the estimate can be trusted

Reference thinning used in the analysis: 100
Step length used in the analysis: 1*nthin = 100

Convergence criteria: less than 1% variation in ACF after 50 times the integrated ACF
At least 50*ACF after convergence, 100*ACF would be ideal
Negative values: not converged yet

   sampler parameter              |    ACF   | ACF*nthin | converged at | nsteps/ACF | to 100*ACF
                                  |          |           |              |            | 
   Bouchy2005_RV01_noRML_jitter_0 |    1.43  |      143  |     8000     |      84    |    2277 
   Bouchy2005_RV01_noRML_offset_0 |    1.49  |      149  |     8600     |      76    |    3506 
   Winn2006_RV02_noRML_jitter_0   |    1.45  |      145  |     7800     |      84    |    2274 
   Winn2006_RV02_noRML_offset_0   |    1.30  |      130  |     7500     |      96    |     468 
   Boisse2009_RV03_noRML_jitter_0 |    1.39  |      139  |     7500     |      90    |    1435 
   Boisse2009_RV03_noRML_offset_0 |    1.33  |      133  |     7200     |      96    |     485 
   b_P                            |    1.34  |      134  |     7700     |      92    |    1081 
   b_K                            |    1.39  |      139  |     7600     |      89    |    1517 
   b_mean_long                    |    1.33  |      133  |     7200     |      96    |     487 

All the chains are longer than 50*ACF, but some are shorter than 100*ACF
PyORBIT should keep running for about 1503 more steps to reach 100*ACF
Suggested value for burnin: 7678

====================================================================================================
     Statistics on the posterior of the sampler parameters     
====================================================================================================

----- dataset:  Bouchy2005_RV01_noRML
jitter_0         3          16.3         -3.2          4.3   (15-84 p)   [    0.0510,   510.0000]
offset_0         4       -2363.0         -4.5          4.5   (15-84 p)   [-12575.0000,  7844.0000]

----- dataset:  Winn2006_RV02_noRML
jitter_0         5          10.2         -1.4          1.7   (15-84 p)   [    0.0072,   160.9000]
offset_0         6         -11.0         -2.2          2.1   (15-84 p)   [-10206.9940, 10186.7170]

----- dataset:  Boisse2009_RV03_noRML
jitter_0         7           8.6         -1.2          1.5   (15-84 p)   [    0.0330,   420.0000]
offset_0         8       -2273.6         -1.7          1.6   (15-84 p)   [-12475.9000,  7932.5000]

----- common model:  b
P                0      1.149618    -0.000015     0.000014   (15-84 p)   [   -1.0000,     2.3219]
K                1         7.658       -0.013        0.013   (15-84 p)   [   -6.6439,     8.2288]
mean_long        2         -1.40        -0.91         0.95   (15-84 p)   [ -179.9984,   180.0016]

----- common model:  star_parameters

====================================================================================================
     Statistics on the model parameters obtained from the posteriors samples     
====================================================================================================

----- dataset:  Bouchy2005_RV01_noRML
jitter_0                  16.3         -3.2          4.3    (15-84 p)
offset_0               -2363.0         -4.5          4.5    (15-84 p)


----- dataset:  Winn2006_RV02_noRML
jitter_0                  10.2         -1.4          1.7    (15-84 p)
offset_0                 -11.0         -2.2          2.1    (15-84 p)


----- dataset:  Boisse2009_RV03_noRML
jitter_0                   8.6         -1.2          1.5    (15-84 p)
offset_0               -2273.6         -1.7          1.6    (15-84 p)


----- common model:  b
P                     2.218551    -0.000024     0.000022    (15-84 p)
omega                90.000000                              [fixed]
e                         0.00                              [fixed]
K                        202.0         -1.8          1.8    (15-84 p)
mean_long                -1.40        -0.91         0.95    (15-84 p)

----- common model:  star_parameters

====================================================================================================
     Statistics on the derived parameters obtained from the posteriors samples     
====================================================================================================

----- common model:  b
Inclination fixed to 90 deg!
Computing exact mass of the planet (average approximate mass larger than 30.0 Me)
M_Mj                     1.123       -0.044        0.044    (15-84 p)
M_Me                       357          -14           14    (15-84 p)
Tc                2453600.5633      -0.0058       0.0056    (15-84 p)
a_AU_(M)               0.03098     -0.00059      0.00060    (15-84 p)


====================================================================================================
     ------------------------------------------------------------------------------------------     
====================================================================================================



emcee completed

