**** USING NUMBA ****

PyORBIT v10.0.0beta

Python version in use:
3.9.13 (main, Aug 25 2022, 23:26:10) 
[GCC 11.2.0]

reloaded_optimize:  False
reloaded_pyde:  True
reloaded_emcee:  True

number of multiprocessing threads: 12

parameters/safe_reload flag (must be True for tinygp):  False

Requested steps: 100000.0
Completed: 100000
Total: 100000
Using orbital model:  circular
Using orbital parametrization:  Eastman2013_Tcent
Time of transit replacing mean longitude as a free parameter:  True

Using limb darkening coefficient parametrization:  Kipping

====================================================================================================
     Ids, spaces (s), boundaries (b) and priors (p) of the sampler parameters     
====================================================================================================

----- dataset:  LCdata_TESS
jitter_0      id:   7  s:Linear      b:[      0.0000,       0.0222]   p:Uniform   []

----- common model:  b
R_Rs          id:   0  s:Linear      b:[      0.0000,       0.5000]   p:Uniform   []
Tc            id:   1  s:Linear      b:[2459770.4100, 2459770.4110]   p:Uniform   []
P             id:   2  s:Linear      b:[      2.2186,       2.2186]   p:Uniform   []
b             id:   3  s:Linear      b:[      0.0000,       2.0000]   p:Uniform   []
omega         derived (no id, space, bound)                           p:None   []
e             derived (no id, space, bound)                           p:None   []

----- common model:  star_parameters
density       id:   6  s:Linear      b:[      0.0000,       5.0000]   p:Gaussian   [1.864 0.175]
mass          derived (no id, space, bound)                           p:Gaussian   [0.806 0.048]
radius        derived (no id, space, bound)                           p:Gaussian   [0.756 0.018]

----- common model:  limb_darkening
ld_q1         id:   4  s:Linear      b:[      0.0000,       1.0000]   p:Uniform   []
ld_q2         id:   5  s:Linear      b:[      0.0000,       1.0000]   p:Uniform   []
ld_c1         derived (no id, space, bound)                           p:Uniform   [0.0, 1.0]
ld_c2         derived (no id, space, bound)                           p:Uniform   [-1.0, 1.0]


Computing the autocorrelation time of the chains

The chains are more than 50 times longer than the ACF, the estimate can be trusted

Reference thinning used in the analysis: 100
Step length used in the analysis: 2*nthin = 200

Convergence criteria: less than 1% variation in ACF after 50 times the integrated ACF
At least 50*ACF after convergence, 100*ACF would be ideal
Negative values: not converged yet

   sampler parameter              |    ACF   | ACF*nthin | converged at | nsteps/ACF | to 100*ACF
                                  |          |           |              |            | 
   LCdata_TESS_jitter_0           |    1.51  |      151  |     9800     |     599    |       0 
   b_R_Rs                         |    2.78  |      278  |    16000     |     302    |       0 
   b_Tc                           |    1.44  |      144  |     9400     |     627    |       0 
   b_P                            |    1.45  |      145  |     8800     |     631    |       0 
   b_b                            |    2.24  |      224  |    12600     |     390    |       0 
   star_parameters_density        |    1.60  |      160  |    10600     |     559    |       0 
   limb_darkening_ld_q1           |    2.83  |      283  |    15600     |     298    |       0 
   limb_darkening_ld_q2           |    2.69  |      269  |    16000     |     312    |       0 

All the chains are longer than 100*ACF 
Suggested value for burnin: 12350

Reference Time Tref:  2459750.0

Dimensions =  8
Nwalkers =  32
Steps =  100000

Original starting point of emcee:

====================================================================================================
     Starting point of the sample/optimization routines    
====================================================================================================

----- dataset:  LCdata_TESS
jitter_0         7      0.000334 [    0.0000,     0.0222]

----- common model:  b
R_Rs             0      0.153857 [    0.0000,     0.5000]
Tc               1  2459770.410447 [2459770.4100, 2459770.4110]
P                2      2.218575 [    2.2186,     2.2186]
b                3      0.661166 [    0.0000,     2.0000]

----- common model:  star_parameters
density          6      1.904504 [    0.0000,     5.0000]

----- common model:  limb_darkening
ld_q1            4      0.422755 [    0.0000,     1.0000]
ld_q2            5      0.220028 [    0.0000,     1.0000]

====================================================================================================
     Starting point projected onto the model parameter space     
====================================================================================================

----- dataset:  LCdata_TESS
jitter_0              0.000334 


----- common model:  b
omega                90.000000 
R_Rs                  0.153857 
e                         0.00 
Tc              2459770.410447 
P                     2.218575 
b                     0.661166 

----- common model:  star_parameters
density               1.904504 

----- common model:  limb_darkening
ld_c1                 0.286122 
ld_c2                 0.364074 

====================================================================================================
     Derived parameters obtained from starting point     
====================================================================================================

----- common model:  b
a_Rs                  8.869369 
i                    85.724928 
mean_long            18.071715 
R_Rj                  1.162643 
R_Re                 13.031965 
T_41                  0.075649 
T_32                  0.042185 
a_AU_(rho,R)          0.032030 


====================================================================================================
     Statistics on the log-likelihood     
====================================================================================================

 LN probability: 14168.253681 

====================================================================================================
     ------------------------------------------------------------------------------------------     
====================================================================================================


emcee results:

====================================================================================================
     Statistics on the posterior of the sampler parameters     
====================================================================================================

----- dataset:  LCdata_TESS
jitter_0         7     0.0003346   -0.0000069    0.0000071   (15-84 p)   [    0.0000,     0.0222]

----- common model:  b
R_Rs             0       0.15374     -0.00068      0.00064   (15-84 p)   [    0.0000,     0.5000]
Tc               1  2459770.410447    -0.000017     0.000017   (15-84 p)   [2459770.4100, 2459770.4110]
P                2    2.21857489  -0.00000016   0.00000016   (15-84 p)   [    2.2186,     2.2186]
b                3        0.6606      -0.0041       0.0037   (15-84 p)   [    0.0000,     2.0000]

----- common model:  star_parameters
density          6         1.904       -0.014        0.014   (15-84 p)   [    0.0000,     5.0000]

----- common model:  limb_darkening
ld_q1            4         0.434       -0.058        0.069   (15-84 p)   [    0.0000,     1.0000]
ld_q2            5         0.207       -0.074        0.081   (15-84 p)   [    0.0000,     1.0000]

====================================================================================================
     Statistics on the model parameters obtained from the posteriors samples     
====================================================================================================

----- dataset:  LCdata_TESS
jitter_0             0.0003346   -0.0000069    0.0000071    (15-84 p)


----- common model:  b
omega                90.000000                              [fixed]
R_Rs                   0.15374     -0.00068      0.00064    (15-84 p)
e                         0.00                              [fixed]
Tc              2459770.410447    -0.000017     0.000017    (15-84 p)
P                   2.21857489  -0.00000016   0.00000016    (15-84 p)
b                       0.6606      -0.0041       0.0037    (15-84 p)

----- common model:  star_parameters
density                  1.904       -0.014        0.014    (15-84 p)

----- common model:  limb_darkening
ld_c1                    0.272       -0.085        0.080    (15-84 p)
ld_c2                     0.39        -0.13         0.13    (15-84 p)

====================================================================================================
     Statistics on the derived parameters obtained from the posteriors samples     
====================================================================================================

----- common model:  b
a_Rs                     8.868       -0.022        0.022    (15-84 p)
i                       85.728       -0.029        0.031    (15-84 p)
mean_long              18.0717      -0.0025       0.0025    (15-84 p)
R_Rj                     1.131       -0.027        0.028    (15-84 p)
R_Re                     12.68        -0.31         0.31    (15-84 p)
T_41                   0.07568     -0.00017      0.00018    (15-84 p)
T_32                   0.04226     -0.00042      0.00047    (15-84 p)
a_AU_(rho,R)           0.03119     -0.00075      0.00075    (15-84 p)


====================================================================================================
     ------------------------------------------------------------------------------------------     
====================================================================================================



emcee completed

