**** USING NUMBA ****

PyORBIT v10.0.0beta

Python version in use:
3.9.13 (main, Aug 25 2022, 23:26:10) 
[GCC 11.2.0]
 LaTeX disabled by default
Using orbital model:  circular
Using orbital parametrization:  Eastman2013_Tcent
Time of transit replacing mean longitude as a free parameter:  True

Using limb darkening coefficient parametrization:  Kipping

emcee version:  3.1.4

 Reference Time Tref: 2459750.0

 Dimensions = 8
 Nwalkers = 32

 Steps: 100000


 LN posterior: 14164.605230      -2.244332     1.571206 (15-84 p) 

 Median log_priors     = 21.640532453794876
 Median log_likelihood = 14146.582298269848

 Median BIC  (using likelihood) = -28231.583993765278
 Median AIC  (using likelihood) = -28277.164596539697
 Median AICc (using likelihood) = -28277.098962993663

 Median BIC  (using posterior)  = -28274.86505867287
 Median AIC  (using posterior)  = -28320.445661447287
 Median AICc (using posterior)  = -28320.380027901254

 MAP log_priors     = 21.64284774464096
 MAP log_likelihood = 14146.428632837431

 MAP BIC  (using likelihood) = -28231.276662900444
 MAP AIC  (using likelihood) = -28276.857265674862
 MAP AICc (using likelihood) = -28276.79163212883

 MAP BIC  (using posterior)  = -28274.562358389725
 MAP AIC  (using posterior)  = -28320.142961164143
 MAP AICc (using posterior)  = -28320.07732761811

 AIC suggested over AICs because NDATA ( 2203 ) > 40 * NDIM ( 8 )

****************************************************************************************************


Computing the autocorrelation time of the chains

The chains are more than 50 times longer than the ACF, the estimate can be trusted

Reference thinning used in the analysis: 100
Step length used in the analysis: 2*nthin = 200

Convergence criteria: less than 1% variation in ACF after 50 times the integrated ACF
At least 50*ACF after convergence, 100*ACF would be ideal
Negative values: not converged yet

   sampler parameter              |    ACF   | ACF*nthin | converged at | nsteps/ACF | to 100*ACF
                                  |          |           |              |            | 
   LCdata_TESS_jitter_0           |    1.51  |      151  |     9800     |     599    |       0 
   b_R_Rs                         |    2.78  |      278  |    16000     |     302    |       0 
   b_Tc                           |    1.44  |      144  |     9400     |     627    |       0 
   b_P                            |    1.45  |      145  |     8800     |     631    |       0 
   b_b                            |    2.24  |      224  |    12600     |     390    |       0 
   star_parameters_density        |    1.60  |      160  |    10600     |     559    |       0 
   limb_darkening_ld_q1           |    2.83  |      283  |    15600     |     298    |       0 
   limb_darkening_ld_q2           |    2.69  |      269  |    16000     |     312    |       0 

All the chains are longer than 100*ACF 
Suggested value for burnin: 12350

 Plotting the ACF... 


====================================================================================================
     Ids, spaces (s), boundaries (b) and priors (p) of the sampler parameters     
====================================================================================================

----- dataset:  LCdata_TESS
jitter_0      id:   7  s:Linear      b:[      0.0000,       0.0222]   p:Uniform   []

----- common model:  b
R_Rs          id:   0  s:Linear      b:[      0.0000,       0.5000]   p:Uniform   []
Tc            id:   1  s:Linear      b:[2459770.4100, 2459770.4110]   p:Uniform   []
P             id:   2  s:Linear      b:[      2.2186,       2.2186]   p:Uniform   []
b             id:   3  s:Linear      b:[      0.0000,       2.0000]   p:Uniform   []
omega         derived (no id, space, bound)                           p:None   []
e             derived (no id, space, bound)                           p:None   []

----- common model:  star_parameters
density       id:   6  s:Linear      b:[      0.0000,       5.0000]   p:Gaussian   [1.864 0.175]
mass          derived (no id, space, bound)                           p:Gaussian   [0.806 0.048]
radius        derived (no id, space, bound)                           p:Gaussian   [0.756 0.018]

----- common model:  limb_darkening
ld_q1         id:   4  s:Linear      b:[      0.0000,       1.0000]   p:Uniform   []
ld_q2         id:   5  s:Linear      b:[      0.0000,       1.0000]   p:Uniform   []
ld_c1         derived (no id, space, bound)                           p:Uniform   [0.0, 1.0]
ld_c2         derived (no id, space, bound)                           p:Uniform   [-1.0, 1.0]


****************************************************************************************************
****************************************************************************************************

 Confidence intervals (median value, 34.135th percentile from the median on the left and right side)

====================================================================================================
     Statistics on the posterior of the sampler parameters     
====================================================================================================

----- dataset:  LCdata_TESS
jitter_0         7     0.0003346   -0.0000069    0.0000071   (15-84 p)   [    0.0000,     0.0222]

----- common model:  b
R_Rs             0       0.15374     -0.00068      0.00064   (15-84 p)   [    0.0000,     0.5000]
Tc               1  2459770.410447    -0.000017     0.000017   (15-84 p)   [2459770.4100, 2459770.4110]
P                2    2.21857489  -0.00000016   0.00000016   (15-84 p)   [    2.2186,     2.2186]
b                3        0.6606      -0.0041       0.0037   (15-84 p)   [    0.0000,     2.0000]

----- common model:  star_parameters
density          6         1.904       -0.014        0.014   (15-84 p)   [    0.0000,     5.0000]

----- common model:  limb_darkening
ld_q1            4         0.434       -0.058        0.069   (15-84 p)   [    0.0000,     1.0000]
ld_q2            5         0.207       -0.074        0.081   (15-84 p)   [    0.0000,     1.0000]

====================================================================================================
     Statistics on the model parameters obtained from the posteriors samples     
====================================================================================================

----- dataset:  LCdata_TESS
jitter_0             0.0003346   -0.0000069    0.0000071    (15-84 p)


----- common model:  b
omega                90.000000                              [fixed]
R_Rs                   0.15374     -0.00068      0.00064    (15-84 p)
e                         0.00                              [fixed]
Tc              2459770.410447    -0.000017     0.000017    (15-84 p)
P                   2.21857489  -0.00000016   0.00000016    (15-84 p)
b                       0.6606      -0.0041       0.0037    (15-84 p)

----- common model:  star_parameters
density                  1.904       -0.014        0.014    (15-84 p)

----- common model:  limb_darkening
ld_c1                    0.272       -0.085        0.080    (15-84 p)
ld_c2                     0.39        -0.13         0.13    (15-84 p)

====================================================================================================
     Statistics on the derived parameters obtained from the posteriors samples     
====================================================================================================

----- common model:  b
a_Rs                     8.868       -0.022        0.022    (15-84 p)
i                       85.728       -0.029        0.031    (15-84 p)
mean_long              18.0717      -0.0025       0.0025    (15-84 p)
R_Rj                     1.131       -0.027        0.027    (15-84 p)
R_Re                     12.68        -0.31         0.31    (15-84 p)
T_41                   0.07568     -0.00017      0.00018    (15-84 p)
T_32                   0.04226     -0.00042      0.00047    (15-84 p)
a_AU_(rho,R)           0.03118     -0.00074      0.00075    (15-84 p)


====================================================================================================
     ------------------------------------------------------------------------------------------     
====================================================================================================



****************************************************************************************************

 Parameters corresponding to the Maximum a Posteriori probability ( 14168.071480582072 )

====================================================================================================
     Statistics on the posterior of the sampler parameters     
====================================================================================================

----- dataset:  LCdata_TESS
jitter_0         7      0.000334 [    0.0000,     0.0222]

----- common model:  b
R_Rs             0      0.153638 [    0.0000,     0.5000]
Tc               1  2459770.410447 [2459770.4100, 2459770.4110]
P                2      2.218575 [    2.2186,     2.2186]
b                3      0.660176 [    0.0000,     2.0000]

----- common model:  star_parameters
density          6      1.901813 [    0.0000,     5.0000]

----- common model:  limb_darkening
ld_q1            4      0.443950 [    0.0000,     1.0000]
ld_q2            5      0.199261 [    0.0000,     1.0000]

====================================================================================================
     Statistics on the model parameters obtained from the posteriors samples     
====================================================================================================

----- dataset:  LCdata_TESS
jitter_0              0.000334 


----- common model:  b
omega                90.000000 
R_Rs                  0.153638 
e                         0.00 
Tc              2459770.410447 
P                     2.218575 
b                     0.660176 

----- common model:  star_parameters
density               1.901813 

----- common model:  limb_darkening
ld_c1                 0.265534 
ld_c2                 0.400762 

====================================================================================================
     Statistics on the derived parameters obtained from the posteriors samples     
====================================================================================================

----- common model:  b
a_Rs                  8.865190 
i                    85.729323 
mean_long            18.071768 
R_Rj                  1.123982 
R_Re                 12.598622 
T_41                  0.075718 
T_32                  0.042332 
a_AU_(rho,R)          0.030994 


====================================================================================================
     ------------------------------------------------------------------------------------------     
====================================================================================================



****************************************************************************************************

 Parameters corresponding to the sample closest to the median values ( 14166.555543708017 )

====================================================================================================
     Statistics on the posterior of the sampler parameters     
====================================================================================================

----- dataset:  LCdata_TESS
jitter_0         7      0.000335 [    0.0000,     0.0222]

----- common model:  b
R_Rs             0      0.153718 [    0.0000,     0.5000]
Tc               1  2459770.410445 [2459770.4100, 2459770.4110]
P                2      2.218575 [    2.2186,     2.2186]
b                3      0.660723 [    0.0000,     2.0000]

----- common model:  star_parameters
density          6      1.904254 [    0.0000,     5.0000]

----- common model:  limb_darkening
ld_q1            4      0.424900 [    0.0000,     1.0000]
ld_q2            5      0.214226 [    0.0000,     1.0000]

====================================================================================================
     Statistics on the model parameters obtained from the posteriors samples     
====================================================================================================

----- dataset:  LCdata_TESS
jitter_0              0.000335 


----- common model:  b
omega                90.000000 
R_Rs                  0.153718 
e                         0.00 
Tc              2459770.410445 
P                     2.218575 
b                     0.660723 

----- common model:  star_parameters
density               1.904254 

----- common model:  limb_darkening
ld_c1                 0.279284 
ld_c2                 0.372559 

====================================================================================================
     Statistics on the derived parameters obtained from the posteriors samples     
====================================================================================================

----- common model:  b
a_Rs                  8.868982 
i                    85.727613 
mean_long            18.072045 
R_Rj                  1.123741 
R_Re                 12.595921 
T_41                  0.075663 
T_32                  0.042249 
a_AU_(rho,R)          0.030985 


====================================================================================================
     ------------------------------------------------------------------------------------------     
====================================================================================================



****************************************************************************************************

 Trying to identify the stellar parameters
Note: priors on stellar mass and radius provided independently from the measured density, no check for consistency is performed

 Trying to identify the stellar parameters
 Trying to identify the stellar parameters
 Plot FLAT chain 

****************************************************************************************************

Plotting full_correlation plot with pygtc

****************************************************************************************************

 Plotting the chains... 

****************************************************************************************************

 Plotting the Gelman-Rubin traces... 

     Gelman-Rubin:     7     1.000099 LCdata_TESS_jitter_0 
     Gelman-Rubin:     0     1.001326 b_R_Rs 
     Gelman-Rubin:     1     1.000284 b_Tc 
     Gelman-Rubin:     2     1.000730 b_P 
     Gelman-Rubin:     3     1.000845 b_b 
     Gelman-Rubin:     6     1.000201 star_parameters_density 
     Gelman-Rubin:     4     1.001304 limb_darkening_ld_q1 
     Gelman-Rubin:     5     1.001319 limb_darkening_ld_q2 

****************************************************************************************************

 Plotting the common models corner plots
     Common model:  b
     Common model:  star_parameters
     Common model:  limb_darkening

****************************************************************************************************

 Dataset + models corner plots 

     Dataset:  LCdata_TESS     model:  lc_model_b  corner plot  starting 
     Dataset:  LCdata_TESS     model:  lc_model_b  corner plot  done 

****************************************************************************************************

 Saving the planet parameter samplings to files (with plots)

****************************************************************************************************

 Saving all the parameter samplings to files (with plots)

****************************************************************************************************

 Computing the models for plot/data writing 
 Writing the plots 
 Writing the   data files 
 Writing the  MAP_ data files 
 Writing the  sampleMED_ data files 

****************************************************************************************************

