**** USING NUMBA ****

PyORBIT v10.0.0beta

Python version in use:
3.9.12 (main, Jun  1 2022, 11:38:51) 
[GCC 7.5.0]
 LaTeX disabled by default
Using orbital model:  circular
Using orbital parametrization:  Eastman2013


emcee version:  3.1.2

 Reference Time Tref: 2453600.0

 Dimensions = 9
 Nwalkers = 36

 Steps: 20000


 LN posterior:  -340.739071      -2.537932     1.967799 (15-84 p) 

 Median log_priors     = -60.22006086864443
 Median log_likelihood = -276.31430968829835

 Median BIC  (using likelihood) = 591.3652052154342
 Median AIC  (using likelihood) = 570.6286193765967
 Median AICc (using likelihood) = 573.4411193765967

 Median BIC  (using posterior)  = 711.8053269527231
 Median AIC  (using posterior)  = 691.0687411138856
 Median AICc (using posterior)  = 693.8812411138856

 MAP log_priors     = -60.22006086864443
 MAP log_likelihood = -276.24304336186026

 MAP BIC  (using likelihood) = 591.222672562558
 MAP AIC  (using likelihood) = 570.4860867237205
 MAP AICc (using likelihood) = 573.2985867237205

 MAP BIC  (using posterior)  = 711.662794299847
 MAP AIC  (using posterior)  = 690.9262084610094
 MAP AICc (using posterior)  = 693.7387084610094

 AICc suggested over AIC because NDATA ( 74 ) < 40 * NDIM ( 9 )

****************************************************************************************************


Computing the autocorrelation time of the chains

The chains are more than 50 times longer than the ACF, the estimate can be trusted

Reference thinning used in the analysis: 100
Step length used in the analysis: 1*nthin = 100

Convergence criteria: less than 1% variation in ACF after 50 times the integrated ACF
At least 50*ACF after convergence, 100*ACF would be ideal
Negative values: not converged yet

   sampler parameter              |    ACF   | ACF*nthin | converged at | nsteps/ACF | to 100*ACF
                                  |          |           |              |            | 
   Bouchy2005_RV01_noRML_jitter_0 |    1.43  |      143  |     8000     |      84    |    2277 
   Bouchy2005_RV01_noRML_offset_0 |    1.49  |      149  |     8600     |      76    |    3506 
   Winn2006_RV02_noRML_jitter_0   |    1.45  |      145  |     7800     |      84    |    2274 
   Winn2006_RV02_noRML_offset_0   |    1.30  |      130  |     7500     |      96    |     468 
   Boisse2009_RV03_noRML_jitter_0 |    1.39  |      139  |     7500     |      90    |    1435 
   Boisse2009_RV03_noRML_offset_0 |    1.33  |      133  |     7200     |      96    |     485 
   b_P                            |    1.34  |      134  |     7700     |      92    |    1081 
   b_K                            |    1.39  |      139  |     7600     |      89    |    1517 
   b_mean_long                    |    1.33  |      133  |     7200     |      96    |     487 

All the chains are longer than 50*ACF, but some are shorter than 100*ACF
PyORBIT should keep running for about 1503 more steps to reach 100*ACF
Suggested value for burnin: 7678

 Plotting the ACF... 


====================================================================================================
     Ids, spaces (s), boundaries (b) and priors (p) of the sampler parameters     
====================================================================================================

----- dataset:  Bouchy2005_RV01_noRML
jitter_0      id:   3  s:Linear      b:[      0.0510,     510.0000]   p:Uniform   []
offset_0      id:   4  s:Linear      b:[ -12575.0000,    7844.0000]   p:Uniform   []

----- dataset:  Winn2006_RV02_noRML
jitter_0      id:   5  s:Linear      b:[      0.0072,     160.9000]   p:Uniform   []
offset_0      id:   6  s:Linear      b:[ -10206.9940,   10186.7170]   p:Uniform   []

----- dataset:  Boisse2009_RV03_noRML
jitter_0      id:   7  s:Linear      b:[      0.0330,     420.0000]   p:Uniform   []
offset_0      id:   8  s:Linear      b:[ -12475.9000,    7932.5000]   p:Uniform   []

----- common model:  b
P             id:   0  s:Log_Base2   b:[     -1.0000,       2.3219]   p:Uniform   []
K             id:   1  s:Log_Base2   b:[     -6.6439,       8.2288]   p:Uniform   []
mean_long     id:   2  s:Linear      b:[   -179.9984,     180.0016]   p:Uniform   []
omega         derived (no id, space, bound)                           p:None   []
e             derived (no id, space, bound)                           p:None   []

----- common model:  star_parameters
mass          derived (no id, space, bound)                           p:Gaussian   [0.806 0.048]


****************************************************************************************************
****************************************************************************************************

 Confidence intervals (median value, 34.135th percentile from the median on the left and right side)

====================================================================================================
     Statistics on the posterior of the sampler parameters     
====================================================================================================

----- dataset:  Bouchy2005_RV01_noRML
jitter_0         3          16.3         -3.2          4.3   (15-84 p)   [    0.0510,   510.0000]
offset_0         4       -2363.0         -4.5          4.5   (15-84 p)   [-12575.0000,  7844.0000]

----- dataset:  Winn2006_RV02_noRML
jitter_0         5          10.2         -1.4          1.7   (15-84 p)   [    0.0072,   160.9000]
offset_0         6         -11.0         -2.2          2.1   (15-84 p)   [-10206.9940, 10186.7170]

----- dataset:  Boisse2009_RV03_noRML
jitter_0         7           8.6         -1.2          1.5   (15-84 p)   [    0.0330,   420.0000]
offset_0         8       -2273.6         -1.7          1.6   (15-84 p)   [-12475.9000,  7932.5000]

----- common model:  b
P                0      1.149618    -0.000015     0.000014   (15-84 p)   [   -1.0000,     2.3219]
K                1         7.658       -0.013        0.013   (15-84 p)   [   -6.6439,     8.2288]
mean_long        2         -1.40        -0.91         0.95   (15-84 p)   [ -179.9984,   180.0016]

----- common model:  star_parameters

====================================================================================================
     Statistics on the model parameters obtained from the posteriors samples     
====================================================================================================

----- dataset:  Bouchy2005_RV01_noRML
jitter_0                  16.3         -3.2          4.3    (15-84 p)
offset_0               -2363.0         -4.5          4.5    (15-84 p)


----- dataset:  Winn2006_RV02_noRML
jitter_0                  10.2         -1.4          1.7    (15-84 p)
offset_0                 -11.0         -2.2          2.1    (15-84 p)


----- dataset:  Boisse2009_RV03_noRML
jitter_0                   8.6         -1.2          1.5    (15-84 p)
offset_0               -2273.6         -1.7          1.6    (15-84 p)


----- common model:  b
P                     2.218551    -0.000024     0.000022    (15-84 p)
omega                90.000000                              [fixed]
e                         0.00                              [fixed]
K                        202.0         -1.8          1.8    (15-84 p)
mean_long                -1.40        -0.91         0.95    (15-84 p)

----- common model:  star_parameters

====================================================================================================
     Statistics on the derived parameters obtained from the posteriors samples     
====================================================================================================

----- common model:  b
Inclination fixed to 90 deg!
Computing exact mass of the planet (average approximate mass larger than 30.0 Me)
M_Mj                     1.124       -0.046        0.047    (15-84 p)
M_Me                       357          -15           15    (15-84 p)
Tc                2453600.5633      -0.0058       0.0056    (15-84 p)
a_AU_(M)               0.03101     -0.00063      0.00061    (15-84 p)


====================================================================================================
     ------------------------------------------------------------------------------------------     
====================================================================================================



****************************************************************************************************

 Parameters corresponding to the Maximum a Posteriori probability ( -336.4631042305047 )

====================================================================================================
     Statistics on the posterior of the sampler parameters     
====================================================================================================

----- dataset:  Bouchy2005_RV01_noRML
jitter_0         3     13.279421 [    0.0510,   510.0000]
offset_0         4  -2362.848908 [-12575.0000,  7844.0000]

----- dataset:  Winn2006_RV02_noRML
jitter_0         5      9.454863 [    0.0072,   160.9000]
offset_0         6    -10.406228 [-10206.9940, 10186.7170]

----- dataset:  Boisse2009_RV03_noRML
jitter_0         7      7.507011 [    0.0330,   420.0000]
offset_0         8  -2274.084125 [-12475.9000,  7932.5000]

----- common model:  b
P                0      1.149618 [   -1.0000,     2.3219]
K                1      7.655303 [   -6.6439,     8.2288]
mean_long        2     -1.432963 [ -179.9984,   180.0016]

----- common model:  star_parameters

====================================================================================================
     Statistics on the model parameters obtained from the posteriors samples     
====================================================================================================

----- dataset:  Bouchy2005_RV01_noRML
jitter_0             13.279421 
offset_0          -2362.848908 


----- dataset:  Winn2006_RV02_noRML
jitter_0              9.454863 
offset_0            -10.406228 


----- dataset:  Boisse2009_RV03_noRML
jitter_0              7.507011 
offset_0          -2274.084125 


----- common model:  b
P                     2.218552 
omega                90.000000 
e                         0.00 
K                   201.593141 
mean_long            -1.432963 

----- common model:  star_parameters

====================================================================================================
     Statistics on the derived parameters obtained from the posteriors samples     
====================================================================================================

----- common model:  b
Inclination fixed to 90 deg!
M_Mj                  1.118028 
M_Me                355.414608 
Tc              2453600.563469 
a_AU_(M)              0.030951 


====================================================================================================
     ------------------------------------------------------------------------------------------     
====================================================================================================



****************************************************************************************************

 Parameters corresponding to the sample closest to the median values ( -336.48352274881654 )

====================================================================================================
     Statistics on the posterior of the sampler parameters     
====================================================================================================

----- dataset:  Bouchy2005_RV01_noRML
jitter_0         3     14.280389 [    0.0510,   510.0000]
offset_0         4  -2364.291059 [-12575.0000,  7844.0000]

----- dataset:  Winn2006_RV02_noRML
jitter_0         5      9.627931 [    0.0072,   160.9000]
offset_0         6    -11.467031 [-10206.9940, 10186.7170]

----- dataset:  Boisse2009_RV03_noRML
jitter_0         7      8.360814 [    0.0330,   420.0000]
offset_0         8  -2273.861001 [-12475.9000,  7932.5000]

----- common model:  b
P                0      1.149624 [   -1.0000,     2.3219]
K                1      7.663446 [   -6.6439,     8.2288]
mean_long        2     -1.312894 [ -179.9984,   180.0016]

----- common model:  star_parameters

====================================================================================================
     Statistics on the model parameters obtained from the posteriors samples     
====================================================================================================

----- dataset:  Bouchy2005_RV01_noRML
jitter_0             14.280389 
offset_0          -2364.291059 


----- dataset:  Winn2006_RV02_noRML
jitter_0              9.627931 
offset_0            -11.467031 


----- dataset:  Boisse2009_RV03_noRML
jitter_0              8.360814 
offset_0          -2273.861001 


----- common model:  b
P                     2.218561 
omega                90.000000 
e                         0.00 
K                   202.734255 
mean_long            -1.312894 

----- common model:  star_parameters

====================================================================================================
     Statistics on the derived parameters obtained from the posteriors samples     
====================================================================================================

----- common model:  b
Inclination fixed to 90 deg!
M_Mj                  1.105598 
M_Me                351.463308 
Tc              2453600.562731 
a_AU_(M)              0.030692 


====================================================================================================
     ------------------------------------------------------------------------------------------     
====================================================================================================



****************************************************************************************************

Inclination fixed to 90 deg!
 Trying to identify the stellar parameters
 *** Please provide a prior on stellar mass, radius or density *** 

Inclination fixed to 90 deg!
 Trying to identify the stellar parameters
Inclination fixed to 90 deg!
 Trying to identify the stellar parameters
 Plot FLAT chain 

****************************************************************************************************

Plotting full_correlation plot with pygtc

****************************************************************************************************

 Plotting the chains... 

****************************************************************************************************

 Plotting the Gelman-Rubin traces... 

     Gelman-Rubin:     3     1.000170 Bouchy2005_RV01_noRML_jitter_0 
     Gelman-Rubin:     4     1.001517 Bouchy2005_RV01_noRML_offset_0 
     Gelman-Rubin:     5     1.002472 Winn2006_RV02_noRML_jitter_0 
     Gelman-Rubin:     6     0.999630 Winn2006_RV02_noRML_offset_0 
     Gelman-Rubin:     7     1.000134 Boisse2009_RV03_noRML_jitter_0 
     Gelman-Rubin:     8     1.000789 Boisse2009_RV03_noRML_offset_0 
     Gelman-Rubin:     0     1.000503 b_P 
     Gelman-Rubin:     1     1.000468 b_K 
     Gelman-Rubin:     2     1.000294 b_mean_long 

****************************************************************************************************

 Plotting the common models corner plots
     Common model:  b
     Common model:  star_parameters

****************************************************************************************************

 Dataset + models corner plots 

     Dataset:  Bouchy2005_RV01_noRML     model:  radial_velocities_b  corner plot  starting 
     Dataset:  Bouchy2005_RV01_noRML     model:  radial_velocities_b  corner plot  done 
     Dataset:  Winn2006_RV02_noRML     model:  radial_velocities_b  corner plot  starting 
     Dataset:  Winn2006_RV02_noRML     model:  radial_velocities_b  corner plot  done 
     Dataset:  Boisse2009_RV03_noRML     model:  radial_velocities_b  corner plot  starting 
     Dataset:  Boisse2009_RV03_noRML     model:  radial_velocities_b  corner plot  done 

****************************************************************************************************

 Saving the planet parameter samplings to files (with plots)

****************************************************************************************************

 Saving all the parameter samplings to files (with plots)

****************************************************************************************************

 Computing the models for plot/data writing 
 Writing the plots 
 Writing the   data files 
 Writing the  MAP_ data files 
 Writing the  sampleMED_ data files 

****************************************************************************************************

