**** USING NUMBA ****

PyORBIT v10.0.0beta

Python version in use:
3.9.12 (main, Jun  1 2022, 11:38:51) 
[GCC 7.5.0]

reloaded_optimize:  False
reloaded_pyde:  False
reloaded_emcee:  False

number of multiprocessing threads: 16

parameters/safe_reload flag (must be True for tinygp):  False

Opening:  Bouchy2005_RV01_noRML
Adding common model of planet:  b
Using orbital model:  circular
Using orbital parametrization:  Eastman2013


====================================================================================================
     Ids, spaces (s), boundaries (b) and priors (p) of the sampler parameters     
====================================================================================================

----- dataset:  Bouchy2005_RV01_noRML
jitter_0      id:   3  s:Linear      b:[      0.0510,     510.0000]   p:Uniform   []
offset_0      id:   4  s:Linear      b:[ -12575.0000,    7844.0000]   p:Uniform   []

----- common model:  b
K             id:   0  s:Log_Base2   b:[     -6.6439,       8.2288]   p:Uniform   []
P             id:   1  s:Log_Base2   b:[     -1.0000,       2.3219]   p:Uniform   []
mean_long     id:   2  s:Linear      b:[      0.0000,     360.0000]   p:Uniform   []
omega         derived (no id, space, bound)                           p:None   []
e             derived (no id, space, bound)                           p:None   []

----- common model:  star_parameters
mass          derived (no id, space, bound)                           p:Gaussian   [0.806 0.048]

Include priors:  True

Reference Time Tref:  2453600.0

Dimensions =  5
Nwalkers =  20

Using threading pool for PyDE: True
PyDE running
Boundaries redefined after PyDE output
PyDE completed, it took          0.9 seconds

====================================================================================================
     Starting point of the sample/optimization routines    
====================================================================================================

----- dataset:  Bouchy2005_RV01_noRML
jitter_0         3     56.219385 [    0.0510,   510.0000]
offset_0         4  -2364.238263 [-12575.0000,  7844.0000]

----- common model:  b
K                0      7.614550 [   -6.6439,     8.2288]
P                1      1.138970 [   -1.0000,     2.3219]
mean_long        2    321.916096 [  141.9161,   501.9161]

----- common model:  star_parameters

====================================================================================================
     Starting point projected onto the model parameter space     
====================================================================================================

----- dataset:  Bouchy2005_RV01_noRML
jitter_0             56.219385 
offset_0          -2364.238263 


----- common model:  b
K                   195.978284 
omega                90.000000 
P                     2.202237 
e                         0.00 
mean_long           321.916096 

----- common model:  star_parameters

====================================================================================================
     Derived parameters obtained from starting point     
====================================================================================================

----- common model:  b
Inclination fixed to 90 deg!
M_Mj                  1.114508 
M_Me                354.295590 
Tc              2453600.783531 
a_AU_(M)              0.031226 


====================================================================================================
     Statistics on the log-likelihood     
====================================================================================================

 LN probability:  -104.527261 

====================================================================================================
     ------------------------------------------------------------------------------------------     
====================================================================================================



*************************************************************

Running emcee

emcee version:  3.1.2
Using threading pool for emcee: True


Computing the autocorrelation time of the chains

The chains are more than 50 times longer than the ACF, the estimate can be trusted

Reference thinning used in the analysis: 100
Step length used in the analysis: 1*nthin = 100

Convergence criteria: less than 1% variation in ACF after 50 times the integrated ACF
At least 50*ACF after convergence, 100*ACF would be ideal
Negative values: not converged yet

   sampler parameter              |    ACF   | ACF*nthin | converged at | nsteps/ACF | to 100*ACF
                                  |          |           |              |            | 
   Bouchy2005_RV01_noRML_jitter_0 |    1.18  |      118  |     7300     |     363    |       0 
   Bouchy2005_RV01_noRML_offset_0 |    1.05  |      105  |     6000     |     421    |       0 
   b_K                            |    1.10  |      110  |     7000     |     390    |       0 
   b_P                            |    1.12  |      112  |     6800     |     385    |       0 
   b_mean_long                    |    1.14  |      114  |     6800     |     381    |       0 

All the chains are longer than 100*ACF 
Suggested value for burnin: 6780

====================================================================================================
     Statistics on the posterior of the sampler parameters     
====================================================================================================

----- dataset:  Bouchy2005_RV01_noRML
jitter_0         3          16.9         -3.5          5.2   (15-84 p)   [    0.0510,   510.0000]
offset_0         4       -2363.5         -4.9          4.9   (15-84 p)   [-12575.0000,  7844.0000]

----- common model:  b
K                0         7.675       -0.061        0.057   (15-84 p)   [   -6.6439,     8.2288]
P                1        1.1471      -0.0025       0.0023   (15-84 p)   [   -1.0000,     2.3219]
mean_long        2         349.6         -8.4          7.9   (15-84 p)   [  141.9161,   501.9161]

----- common model:  star_parameters

====================================================================================================
     Statistics on the model parameters obtained from the posteriors samples     
====================================================================================================

----- dataset:  Bouchy2005_RV01_noRML
jitter_0                  16.9         -3.5          5.2    (15-84 p)
offset_0               -2363.5         -4.9          4.9    (15-84 p)


----- common model:  b
K                        204.4         -8.4          8.3    (15-84 p)
omega                90.000000                              [fixed]
P                       2.2146      -0.0038       0.0035    (15-84 p)
e                         0.00                              [fixed]
mean_long                349.6         -8.4          7.9    (15-84 p)

----- common model:  star_parameters

====================================================================================================
     Statistics on the derived parameters obtained from the posteriors samples     
====================================================================================================

----- common model:  b
Inclination fixed to 90 deg!
Computing exact mass of the planet (average approximate mass larger than 30.0 Me)
M_Mj                     1.136       -0.066        0.065    (15-84 p)
M_Me                       361          -21           21    (15-84 p)
Tc                 2453600.618       -0.048        0.051    (15-84 p)
a_AU_(M)               0.03096     -0.00062      0.00059    (15-84 p)


====================================================================================================
     ------------------------------------------------------------------------------------------     
====================================================================================================



emcee completed

